13-04-18_21:38:21 (main) ERROR [DataNucleus.Persistence] - Error : Un error ocurrio cuando creando un adaptador "org.datanucleus.api.jdo.JDOAdapter" (quizas no tengas el jar apropiado datanucleus-api-XXX en el CLASSPATH, o el API jar para la especificacion que utilisas?) : javax/jdo/JDOUserException
java.lang.NoClassDefFoundError: javax/jdo/JDOUserException
	at java.lang.Class.getDeclaredConstructors0(Native Method)
	at java.lang.Class.privateGetDeclaredConstructors(Class.java:2671)
	at java.lang.Class.getConstructor0(Class.java:3075)
	at java.lang.Class.getConstructor(Class.java:1825)
	at org.datanucleus.plugin.NonManagedPluginRegistry.createExecutableExtension(NonManagedPluginRegistry.java:625)
	at org.datanucleus.plugin.PluginManager.createExecutableExtension(PluginManager.java:295)
	at org.datanucleus.api.ApiAdapterFactory.getApiAdapter(ApiAdapterFactory.java:88)
	at org.datanucleus.AbstractNucleusContext.<init>(AbstractNucleusContext.java:118)
	at org.datanucleus.enhancer.EnhancementNucleusContextImpl.<init>(EnhancementNucleusContextImpl.java:48)
	at org.datanucleus.enhancer.EnhancementNucleusContextImpl.<init>(EnhancementNucleusContextImpl.java:37)
	at org.datanucleus.enhancer.DataNucleusEnhancer.<init>(DataNucleusEnhancer.java:163)
	at org.datanucleus.enhancer.CommandLineHelper.createDataNucleusEnhancer(CommandLineHelper.java:153)
	at org.datanucleus.enhancer.DataNucleusEnhancer.main(DataNucleusEnhancer.java:1113)
Caused by: java.lang.ClassNotFoundException: javax.jdo.JDOUserException
	at java.net.URLClassLoader.findClass(URLClassLoader.java:381)
	at java.lang.ClassLoader.loadClass(ClassLoader.java:424)
	at sun.misc.Launcher$AppClassLoader.loadClass(Launcher.java:338)
	at java.lang.ClassLoader.loadClass(ClassLoader.java:357)
	... 13 more
13-04-18_22:16:24 (main) ERROR [DataNucleus.Persistence] - Error : No se puede encontrar el API JDO. Quizas no tengas el jar apropiado datanucleus-api-XXX en el CLASSPATH?
13-04-18_22:26:54 (main) INFO  [DataNucleus.Enhancer] - DataNucleus Enhancer for API "JDO"
13-04-18_22:26:54 (main) ERROR [DataNucleus.Persistence] - Error : No se puede encontrar el API JDO. Quizas no tengas el jar apropiado datanucleus-api-XXX en el CLASSPATH?
13-04-18_22:29:24 (main) WARN  [DataNucleus.General] - Extension Point "org.datanucleus.implementation_creator" not registered, but plugin "org.datanucleus.enhancer" defined in file:/C:/Users/aitor/.m2/repository/org/datanucleus/datanucleus-enhancer/3.1.1/datanucleus-enhancer-3.1.1.jar refers to it.
13-04-18_22:29:24 (main) ERROR [DataNucleus.Persistence] - Error : No se puede encontrar el API JDO. Quizas no tengas el jar apropiado datanucleus-api-XXX en el CLASSPATH?
13-04-18_22:31:39 (main) WARN  [DataNucleus.General] - Extension Point "org.datanucleus.implementation_creator" not registered, but plugin "org.datanucleus.enhancer" defined in file:/C:/Users/aitor/.m2/repository/org/datanucleus/datanucleus-enhancer/3.1.1/datanucleus-enhancer-3.1.1.jar refers to it.
13-04-18_22:31:39 (main) ERROR [DataNucleus.Persistence] - Error : No se puede encontrar el API JDO. Quizas no tengas el jar apropiado datanucleus-api-XXX en el CLASSPATH?
13-04-18_22:35:02 (main) ERROR [DataNucleus.Persistence] - Error : Un error ocurrio cuando creando un adaptador "org.datanucleus.api.jdo.JDOAdapter" (quizas no tengas el jar apropiado datanucleus-api-XXX en el CLASSPATH, o el API jar para la especificacion que utilisas?) : javax/jdo/JDOUserException
java.lang.NoClassDefFoundError: javax/jdo/JDOUserException
	at java.lang.Class.getDeclaredConstructors0(Native Method)
	at java.lang.Class.privateGetDeclaredConstructors(Class.java:2671)
	at java.lang.Class.getConstructor0(Class.java:3075)
	at java.lang.Class.getConstructor(Class.java:1825)
	at org.datanucleus.plugin.NonManagedPluginRegistry.createExecutableExtension(NonManagedPluginRegistry.java:625)
	at org.datanucleus.plugin.PluginManager.createExecutableExtension(PluginManager.java:295)
	at org.datanucleus.api.ApiAdapterFactory.getApiAdapter(ApiAdapterFactory.java:88)
	at org.datanucleus.AbstractNucleusContext.<init>(AbstractNucleusContext.java:118)
	at org.datanucleus.enhancer.EnhancementNucleusContextImpl.<init>(EnhancementNucleusContextImpl.java:48)
	at org.datanucleus.enhancer.EnhancementNucleusContextImpl.<init>(EnhancementNucleusContextImpl.java:37)
	at org.datanucleus.enhancer.DataNucleusEnhancer.<init>(DataNucleusEnhancer.java:163)
	at org.datanucleus.enhancer.CommandLineHelper.createDataNucleusEnhancer(CommandLineHelper.java:153)
	at org.datanucleus.enhancer.DataNucleusEnhancer.main(DataNucleusEnhancer.java:1113)
Caused by: java.lang.ClassNotFoundException: javax.jdo.JDOUserException
	at java.net.URLClassLoader.findClass(URLClassLoader.java:381)
	at java.lang.ClassLoader.loadClass(ClassLoader.java:424)
	at sun.misc.Launcher$AppClassLoader.loadClass(Launcher.java:338)
	at java.lang.ClassLoader.loadClass(ClassLoader.java:357)
	... 13 more
13-04-18_22:48:09 (main) ERROR [DataNucleus.Persistence] - Error : Un error ocurrio cuando creando un adaptador "org.datanucleus.api.jdo.JDOAdapter" (quizas no tengas el jar apropiado datanucleus-api-XXX en el CLASSPATH, o el API jar para la especificacion que utilisas?) : javax/jdo/JDOUserException
java.lang.NoClassDefFoundError: javax/jdo/JDOUserException
	at java.lang.Class.getDeclaredConstructors0(Native Method)
	at java.lang.Class.privateGetDeclaredConstructors(Class.java:2671)
	at java.lang.Class.getConstructor0(Class.java:3075)
	at java.lang.Class.getConstructor(Class.java:1825)
	at org.datanucleus.plugin.NonManagedPluginRegistry.createExecutableExtension(NonManagedPluginRegistry.java:625)
	at org.datanucleus.plugin.PluginManager.createExecutableExtension(PluginManager.java:295)
	at org.datanucleus.api.ApiAdapterFactory.getApiAdapter(ApiAdapterFactory.java:88)
	at org.datanucleus.AbstractNucleusContext.<init>(AbstractNucleusContext.java:118)
	at org.datanucleus.enhancer.EnhancementNucleusContextImpl.<init>(EnhancementNucleusContextImpl.java:48)
	at org.datanucleus.enhancer.EnhancementNucleusContextImpl.<init>(EnhancementNucleusContextImpl.java:37)
	at org.datanucleus.enhancer.DataNucleusEnhancer.<init>(DataNucleusEnhancer.java:163)
	at org.datanucleus.enhancer.CommandLineHelper.createDataNucleusEnhancer(CommandLineHelper.java:153)
	at org.datanucleus.enhancer.DataNucleusEnhancer.main(DataNucleusEnhancer.java:1113)
Caused by: java.lang.ClassNotFoundException: javax.jdo.JDOUserException
	at java.net.URLClassLoader.findClass(URLClassLoader.java:381)
	at java.lang.ClassLoader.loadClass(ClassLoader.java:424)
	at sun.misc.Launcher$AppClassLoader.loadClass(Launcher.java:338)
	at java.lang.ClassLoader.loadClass(ClassLoader.java:357)
	... 13 more
13-04-18_23:04:50 (main) ERROR [DataNucleus.Persistence] - Error : Un error ocurrio cuando creando un adaptador "org.datanucleus.api.jdo.JDOAdapter" (quizas no tengas el jar apropiado datanucleus-api-XXX en el CLASSPATH, o el API jar para la especificacion que utilisas?) : javax/jdo/JDOUserException
java.lang.NoClassDefFoundError: javax/jdo/JDOUserException
	at java.lang.Class.getDeclaredConstructors0(Native Method)
	at java.lang.Class.privateGetDeclaredConstructors(Class.java:2671)
	at java.lang.Class.getConstructor0(Class.java:3075)
	at java.lang.Class.getConstructor(Class.java:1825)
	at org.datanucleus.plugin.NonManagedPluginRegistry.createExecutableExtension(NonManagedPluginRegistry.java:625)
	at org.datanucleus.plugin.PluginManager.createExecutableExtension(PluginManager.java:295)
	at org.datanucleus.api.ApiAdapterFactory.getApiAdapter(ApiAdapterFactory.java:88)
	at org.datanucleus.AbstractNucleusContext.<init>(AbstractNucleusContext.java:118)
	at org.datanucleus.enhancer.EnhancementNucleusContextImpl.<init>(EnhancementNucleusContextImpl.java:48)
	at org.datanucleus.enhancer.EnhancementNucleusContextImpl.<init>(EnhancementNucleusContextImpl.java:37)
	at org.datanucleus.enhancer.DataNucleusEnhancer.<init>(DataNucleusEnhancer.java:163)
	at org.datanucleus.enhancer.CommandLineHelper.createDataNucleusEnhancer(CommandLineHelper.java:153)
	at org.datanucleus.enhancer.DataNucleusEnhancer.main(DataNucleusEnhancer.java:1113)
Caused by: java.lang.ClassNotFoundException: javax.jdo.JDOUserException
	at java.net.URLClassLoader.findClass(URLClassLoader.java:381)
	at java.lang.ClassLoader.loadClass(ClassLoader.java:424)
	at sun.misc.Launcher$AppClassLoader.loadClass(Launcher.java:338)
	at java.lang.ClassLoader.loadClass(ClassLoader.java:357)
	... 13 more
